<?xml version="1.0" encoding="UTF-8"?>
<coverage generated="1748645833359" clover="3.2.0">
  <project timestamp="1748645833359" name="All files">
    <metrics statements="268" coveredstatements="183" conditionals="178" coveredconditionals="109" methods="54" coveredmethods="46" elements="500" coveredelements="338" complexity="0" loc="268" ncloc="268" packages="1" files="5" classes="5"/>
    <file name="cli.js" path="/home/kasimlyee/jwt-guard/lib/cli.js">
      <metrics statements="68" coveredstatements="0" conditionals="30" coveredconditionals="0" methods="7" coveredmethods="0"/>
      <line num="2" count="0" type="stmt"/>
      <line num="3" count="0" type="stmt"/>
      <line num="4" count="0" type="stmt"/>
      <line num="5" count="0" type="stmt"/>
      <line num="6" count="0" type="stmt"/>
      <line num="8" count="0" type="stmt"/>
      <line num="10" count="0" type="stmt"/>
      <line num="17" count="0" type="cond" truecount="0" falsecount="2"/>
      <line num="18" count="0" type="stmt"/>
      <line num="22" count="0" type="stmt"/>
      <line num="29" count="0" type="cond" truecount="0" falsecount="3"/>
      <line num="31" count="0" type="stmt"/>
      <line num="43" count="0" type="stmt"/>
      <line num="55" count="0" type="stmt"/>
      <line num="60" count="0" type="stmt"/>
      <line num="62" count="0" type="stmt"/>
      <line num="67" count="0" type="stmt"/>
      <line num="74" count="0" type="stmt"/>
      <line num="75" count="0" type="stmt"/>
      <line num="80" count="0" type="cond" truecount="0" falsecount="2"/>
      <line num="81" count="0" type="stmt"/>
      <line num="84" count="0" type="stmt"/>
      <line num="85" count="0" type="stmt"/>
      <line num="87" count="0" type="stmt"/>
      <line num="88" count="0" type="stmt"/>
      <line num="90" count="0" type="stmt"/>
      <line num="91" count="0" type="stmt"/>
      <line num="92" count="0" type="stmt"/>
      <line num="94" count="0" type="stmt"/>
      <line num="95" count="0" type="stmt"/>
      <line num="99" count="0" type="stmt"/>
      <line num="111" count="0" type="stmt"/>
      <line num="112" count="0" type="stmt"/>
      <line num="113" count="0" type="stmt"/>
      <line num="115" count="0" type="cond" truecount="0" falsecount="2"/>
      <line num="116" count="0" type="stmt"/>
      <line num="117" count="0" type="cond" truecount="0" falsecount="2"/>
      <line num="118" count="0" type="stmt"/>
      <line num="120" count="0" type="stmt"/>
      <line num="123" count="0" type="stmt"/>
      <line num="127" count="0" type="stmt"/>
      <line num="129" count="0" type="stmt"/>
      <line num="130" count="0" type="stmt"/>
      <line num="132" count="0" type="stmt"/>
      <line num="133" count="0" type="stmt"/>
      <line num="137" count="0" type="stmt"/>
      <line num="148" count="0" type="stmt"/>
      <line num="149" count="0" type="stmt"/>
      <line num="155" count="0" type="cond" truecount="0" falsecount="4"/>
      <line num="156" count="0" type="stmt"/>
      <line num="157" count="0" type="cond" truecount="0" falsecount="2"/>
      <line num="162" count="0" type="stmt"/>
      <line num="164" count="0" type="stmt"/>
      <line num="171" count="0" type="stmt"/>
      <line num="172" count="0" type="stmt"/>
      <line num="174" count="0" type="stmt"/>
      <line num="175" count="0" type="stmt"/>
      <line num="177" count="0" type="stmt"/>
      <line num="178" count="0" type="stmt"/>
      <line num="182" count="0" type="stmt"/>
      <line num="188" count="0" type="stmt"/>
      <line num="189" count="0" type="stmt"/>
      <line num="194" count="0" type="stmt"/>
      <line num="195" count="0" type="stmt"/>
      <line num="196" count="0" type="stmt"/>
      <line num="198" count="0" type="stmt"/>
      <line num="199" count="0" type="stmt"/>
      <line num="203" count="0" type="stmt"/>
    </file>
    <file name="core.js" path="/home/kasimlyee/jwt-guard/lib/core.js">
      <metrics statements="101" coveredstatements="88" conditionals="62" coveredconditionals="44" methods="19" coveredmethods="18"/>
      <line num="1" count="3" type="stmt"/>
      <line num="2" count="3" type="stmt"/>
      <line num="3" count="3" type="stmt"/>
      <line num="4" count="3" type="stmt"/>
      <line num="8" count="15" type="stmt"/>
      <line num="9" count="15" type="stmt"/>
      <line num="10" count="15" type="stmt"/>
      <line num="16" count="13" type="stmt"/>
      <line num="25" count="13" type="stmt"/>
      <line num="26" count="10" type="stmt"/>
      <line num="27" count="10" type="stmt"/>
      <line num="28" count="10" type="stmt"/>
      <line num="29" count="10" type="stmt"/>
      <line num="35" count="0" type="stmt"/>
      <line num="39" count="13" type="stmt"/>
      <line num="49" count="13" type="cond" truecount="2" falsecount="0"/>
      <line num="50" count="1" type="stmt"/>
      <line num="53" count="12" type="cond" truecount="4" falsecount="0"/>
      <line num="54" count="2" type="stmt"/>
      <line num="59" count="10" type="cond" truecount="2" falsecount="0"/>
      <line num="60" count="9" type="cond" truecount="1" falsecount="1"/>
      <line num="61" count="0" type="stmt"/>
      <line num="63" count="9" type="stmt"/>
      <line num="64" count="1" type="cond" truecount="1" falsecount="1"/>
      <line num="68" count="1" type="cond" truecount="2" falsecount="2"/>
      <line num="69" count="0" type="stmt"/>
      <line num="73" count="1" type="stmt"/>
      <line num="74" count="1" type="stmt"/>
      <line num="78" count="34" type="stmt"/>
      <line num="79" count="34" type="stmt"/>
      <line num="81" count="34" type="cond" truecount="3" falsecount="2"/>
      <line num="83" count="2" type="stmt"/>
      <line num="85" count="24" type="stmt"/>
      <line num="87" count="8" type="stmt"/>
      <line num="89" count="0" type="stmt"/>
      <line num="91" count="0" type="stmt"/>
      <line num="96" count="6" type="stmt"/>
      <line num="98" count="6" type="stmt"/>
      <line num="101" count="5" type="stmt"/>
      <line num="103" count="1" type="stmt"/>
      <line num="108" count="18" type="stmt"/>
      <line num="112" count="8" type="stmt"/>
      <line num="113" count="8" type="stmt"/>
      <line num="118" count="8" type="stmt"/>
      <line num="122" count="26" type="stmt"/>
      <line num="128" count="26" type="stmt"/>
      <line num="129" count="26" type="stmt"/>
      <line num="133" count="26" type="stmt"/>
      <line num="142" count="26" type="stmt"/>
      <line num="143" count="26" type="stmt"/>
      <line num="144" count="26" type="stmt"/>
      <line num="146" count="26" type="stmt"/>
      <line num="150" count="26" type="stmt"/>
      <line num="152" count="26" type="cond" truecount="2" falsecount="0"/>
      <line num="153" count="24" type="stmt"/>
      <line num="161" count="2" type="stmt"/>
      <line num="169" count="26" type="stmt"/>
      <line num="171" count="0" type="stmt"/>
      <line num="176" count="45" type="cond" truecount="3" falsecount="7"/>
      <line num="180" count="45" type="stmt"/>
      <line num="184" count="0" type="stmt"/>
      <line num="188" count="0" type="stmt"/>
      <line num="190" count="0" type="stmt"/>
      <line num="195" count="27" type="cond" truecount="2" falsecount="0"/>
      <line num="196" count="3" type="stmt"/>
      <line num="199" count="24" type="stmt"/>
      <line num="200" count="24" type="cond" truecount="2" falsecount="0"/>
      <line num="201" count="2" type="stmt"/>
      <line num="204" count="22" type="stmt"/>
      <line num="205" count="22" type="stmt"/>
      <line num="206" count="19" type="stmt"/>
      <line num="209" count="19" type="cond" truecount="1" falsecount="1"/>
      <line num="210" count="0" type="stmt"/>
      <line num="214" count="19" type="stmt"/>
      <line num="215" count="19" type="stmt"/>
      <line num="220" count="19" type="cond" truecount="2" falsecount="0"/>
      <line num="221" count="4" type="stmt"/>
      <line num="225" count="15" type="stmt"/>
      <line num="226" count="15" type="cond" truecount="4" falsecount="0"/>
      <line num="227" count="3" type="stmt"/>
      <line num="231" count="12" type="cond" truecount="3" falsecount="1"/>
      <line num="232" count="0" type="stmt"/>
      <line num="236" count="12" type="cond" truecount="1" falsecount="1"/>
      <line num="240" count="0" type="stmt"/>
      <line num="243" count="12" type="stmt"/>
      <line num="247" count="19" type="stmt"/>
      <line num="248" count="19" type="cond" truecount="2" falsecount="0"/>
      <line num="249" count="18" type="stmt"/>
      <line num="256" count="18" type="stmt"/>
      <line num="258" count="1" type="stmt"/>
      <line num="264" count="0" type="stmt"/>
      <line num="269" count="52" type="stmt"/>
      <line num="277" count="41" type="stmt"/>
      <line num="278" count="41" type="stmt"/>
      <line num="279" count="7" type="stmt"/>
      <line num="281" count="41" type="stmt"/>
      <line num="288" count="2" type="stmt"/>
      <line num="292" count="4" type="stmt"/>
      <line num="296" count="2" type="stmt"/>
      <line num="297" count="2" type="stmt"/>
      <line num="301" count="3" type="stmt"/>
    </file>
    <file name="middleware.js" path="/home/kasimlyee/jwt-guard/lib/middleware.js">
      <metrics statements="35" coveredstatements="33" conditionals="35" coveredconditionals="28" methods="6" coveredmethods="6"/>
      <line num="1" count="2" type="stmt"/>
      <line num="4" count="9" type="stmt"/>
      <line num="5" count="9" type="stmt"/>
      <line num="7" count="9" type="cond" truecount="2" falsecount="0"/>
      <line num="8" count="2" type="stmt"/>
      <line num="14" count="7" type="stmt"/>
      <line num="15" count="7" type="stmt"/>
      <line num="20" count="4" type="stmt"/>
      <line num="21" count="4" type="stmt"/>
      <line num="22" count="4" type="stmt"/>
      <line num="24" count="3" type="cond" truecount="2" falsecount="0"/>
      <line num="25" count="1" type="stmt"/>
      <line num="32" count="2" type="stmt"/>
      <line num="43" count="9" type="cond" truecount="2" falsecount="0"/>
      <line num="44" count="6" type="stmt"/>
      <line num="45" count="6" type="cond" truecount="3" falsecount="1"/>
      <line num="46" count="6" type="stmt"/>
      <line num="51" count="3" type="cond" truecount="5" falsecount="0"/>
      <line num="52" count="1" type="stmt"/>
      <line num="56" count="2" type="cond" truecount="2" falsecount="2"/>
      <line num="57" count="0" type="stmt"/>
      <line num="61" count="2" type="cond" truecount="2" falsecount="3"/>
      <line num="62" count="0" type="stmt"/>
      <line num="65" count="2" type="stmt"/>
      <line num="69" count="4" type="cond" truecount="2" falsecount="0"/>
      <line num="70" count="3" type="stmt"/>
      <line num="73" count="4" type="stmt"/>
      <line num="74" count="4" type="cond" truecount="2" falsecount="0"/>
      <line num="75" count="1" type="stmt"/>
      <line num="81" count="3" type="cond" truecount="1" falsecount="1"/>
      <line num="82" count="4" type="stmt"/>
      <line num="84" count="3" type="cond" truecount="2" falsecount="0"/>
      <line num="85" count="1" type="stmt"/>
      <line num="91" count="2" type="stmt"/>
      <line num="95" count="2" type="stmt"/>
    </file>
    <file name="security.js" path="/home/kasimlyee/jwt-guard/lib/security.js">
      <metrics statements="18" coveredstatements="18" conditionals="15" coveredconditionals="13" methods="6" coveredmethods="6"/>
      <line num="1" count="1" type="stmt"/>
      <line num="5" count="8" type="stmt"/>
      <line num="12" count="7" type="cond" truecount="2" falsecount="0"/>
      <line num="13" count="7" type="stmt"/>
      <line num="17" count="7" type="stmt"/>
      <line num="23" count="2" type="stmt"/>
      <line num="24" count="2" type="stmt"/>
      <line num="28" count="3" type="cond" truecount="3" falsecount="0"/>
      <line num="30" count="1" type="stmt"/>
      <line num="42" count="1" type="stmt"/>
      <line num="54" count="1" type="stmt"/>
      <line num="59" count="1" type="stmt"/>
      <line num="63" count="3" type="stmt"/>
      <line num="64" count="3" type="stmt"/>
      <line num="66" count="3" type="cond" truecount="2" falsecount="0"/>
      <line num="67" count="1" type="stmt"/>
      <line num="70" count="2" type="stmt"/>
      <line num="74" count="1" type="stmt"/>
    </file>
    <file name="storage.js" path="/home/kasimlyee/jwt-guard/lib/storage.js">
      <metrics statements="46" coveredstatements="44" conditionals="36" coveredconditionals="24" methods="16" coveredmethods="16"/>
      <line num="3" count="19" type="stmt"/>
      <line num="9" count="19" type="stmt"/>
      <line num="13" count="19" type="cond" truecount="2" falsecount="1"/>
      <line num="15" count="14" type="stmt"/>
      <line num="16" count="14" type="stmt"/>
      <line num="18" count="5" type="cond" truecount="1" falsecount="1"/>
      <line num="19" count="0" type="stmt"/>
      <line num="21" count="5" type="stmt"/>
      <line num="22" count="5" type="stmt"/>
      <line num="24" count="0" type="stmt"/>
      <line num="29" count="14" type="cond" truecount="2" falsecount="0"/>
      <line num="30" count="12" type="stmt"/>
      <line num="31" count="12" type="cond" truecount="2" falsecount="0"/>
      <line num="32" count="9" type="stmt"/>
      <line num="34" count="12" type="stmt"/>
      <line num="35" count="2" type="cond" truecount="1" falsecount="1"/>
      <line num="36" count="2" type="stmt"/>
      <line num="37" count="2" type="cond" truecount="2" falsecount="0"/>
      <line num="38" count="1" type="stmt"/>
      <line num="39" count="1" type="cond" truecount="1" falsecount="1"/>
      <line num="40" count="1" type="stmt"/>
      <line num="43" count="1" type="stmt"/>
      <line num="44" count="1" type="cond" truecount="1" falsecount="1"/>
      <line num="45" count="1" type="stmt"/>
      <line num="53" count="2" type="cond" truecount="2" falsecount="0"/>
      <line num="54" count="1" type="stmt"/>
      <line num="55" count="1" type="cond" truecount="1" falsecount="1"/>
      <line num="56" count="1" type="stmt"/>
      <line num="57" count="1" type="stmt"/>
      <line num="58" count="1" type="cond" truecount="1" falsecount="1"/>
      <line num="59" count="1" type="stmt"/>
      <line num="66" count="6" type="cond" truecount="2" falsecount="0"/>
      <line num="67" count="5" type="stmt"/>
      <line num="68" count="1" type="cond" truecount="1" falsecount="1"/>
      <line num="69" count="1" type="stmt"/>
      <line num="70" count="1" type="stmt"/>
      <line num="71" count="1" type="cond" truecount="1" falsecount="1"/>
      <line num="72" count="1" type="stmt"/>
      <line num="79" count="10" type="cond" truecount="2" falsecount="0"/>
      <line num="80" count="9" type="stmt"/>
      <line num="81" count="1" type="cond" truecount="1" falsecount="1"/>
      <line num="82" count="1" type="stmt"/>
      <line num="83" count="1" type="stmt"/>
      <line num="84" count="1" type="cond" truecount="1" falsecount="1"/>
      <line num="85" count="1" type="stmt"/>
      <line num="92" count="4" type="stmt"/>
    </file>
  </project>
</coverage>
