{"/home/kasimlyee/jwt-guard/lib/cli.js": {"path":"/home/kasimlyee/jwt-guard/lib/cli.js","statementMap":{"0":{"start":{"line":2,"column":20},"end":{"line":2,"column":40}},"1":{"start":{"line":3,"column":11},"end":{"line":3,"column":24}},"2":{"start":{"line":4,"column":13},"end":{"line":4,"column":28}},"3":{"start":{"line":5,"column":15},"end":{"line":5,"column":32}},"4":{"start":{"line":6,"column":20},"end":{"line":6,"column":37}},"5":{"start":{"line":8,"column":22},"end":{"line":58,"column":1}},"6":{"start":{"line":10,"column":4},"end":{"line":13,"column":24}},"7":{"start":{"line":17,"column":22},"end":{"line":17,"column":59}},"8":{"start":{"line":18,"column":17},"end":{"line":20,"column":22}},"9":{"start":{"line":22,"column":4},"end":{"line":25,"column":6}},"10":{"start":{"line":29,"column":4},"end":{"line":56,"column":5}},"11":{"start":{"line":31,"column":8},"end":{"line":41,"column":11}},"12":{"start":{"line":43,"column":8},"end":{"line":53,"column":11}},"13":{"start":{"line":55,"column":8},"end":{"line":55,"column":53}},"14":{"start":{"line":60,"column":16},"end":{"line":60,"column":29}},"15":{"start":{"line":62,"column":0},"end":{"line":65,"column":20}},"16":{"start":{"line":67,"column":0},"end":{"line":97,"column":5}},"17":{"start":{"line":74,"column":4},"end":{"line":96,"column":5}},"18":{"start":{"line":75,"column":40},"end":{"line":77,"column":7}},"19":{"start":{"line":80,"column":6},"end":{"line":82,"column":7}},"20":{"start":{"line":81,"column":8},"end":{"line":81,"column":58}},"21":{"start":{"line":84,"column":28},"end":{"line":84,"column":76}},"22":{"start":{"line":85,"column":29},"end":{"line":85,"column":77}},"23":{"start":{"line":87,"column":6},"end":{"line":87,"column":49}},"24":{"start":{"line":88,"column":6},"end":{"line":88,"column":51}},"25":{"start":{"line":90,"column":6},"end":{"line":90,"column":50}},"26":{"start":{"line":91,"column":6},"end":{"line":91,"column":50}},"27":{"start":{"line":92,"column":6},"end":{"line":92,"column":52}},"28":{"start":{"line":94,"column":6},"end":{"line":94,"column":59}},"29":{"start":{"line":95,"column":6},"end":{"line":95,"column":22}},"30":{"start":{"line":99,"column":0},"end":{"line":135,"column":5}},"31":{"start":{"line":111,"column":4},"end":{"line":134,"column":5}},"32":{"start":{"line":112,"column":22},"end":{"line":112,"column":49}},"33":{"start":{"line":113,"column":24},"end":{"line":113,"column":56}},"34":{"start":{"line":115,"column":6},"end":{"line":121,"column":7}},"35":{"start":{"line":116,"column":8},"end":{"line":116,"column":44}},"36":{"start":{"line":117,"column":13},"end":{"line":121,"column":7}},"37":{"start":{"line":118,"column":8},"end":{"line":118,"column":77}},"38":{"start":{"line":120,"column":8},"end":{"line":120,"column":77}},"39":{"start":{"line":123,"column":22},"end":{"line":126,"column":8}},"40":{"start":{"line":127,"column":20},"end":{"line":127,"column":56}},"41":{"start":{"line":129,"column":6},"end":{"line":129,"column":38}},"42":{"start":{"line":130,"column":6},"end":{"line":130,"column":25}},"43":{"start":{"line":132,"column":6},"end":{"line":132,"column":60}},"44":{"start":{"line":133,"column":6},"end":{"line":133,"column":22}},"45":{"start":{"line":137,"column":0},"end":{"line":180,"column":5}},"46":{"start":{"line":148,"column":4},"end":{"line":179,"column":5}},"47":{"start":{"line":149,"column":24},"end":{"line":153,"column":7}},"48":{"start":{"line":155,"column":6},"end":{"line":169,"column":7}},"49":{"start":{"line":156,"column":8},"end":{"line":156,"column":44}},"50":{"start":{"line":157,"column":13},"end":{"line":169,"column":7}},"51":{"start":{"line":162,"column":8},"end":{"line":162,"column":75}},"52":{"start":{"line":164,"column":8},"end":{"line":168,"column":10}},"53":{"start":{"line":171,"column":22},"end":{"line":171,"column":46}},"54":{"start":{"line":172,"column":22},"end":{"line":172,"column":56}},"55":{"start":{"line":174,"column":6},"end":{"line":174,"column":46}},"56":{"start":{"line":175,"column":6},"end":{"line":175,"column":52}},"57":{"start":{"line":177,"column":6},"end":{"line":177,"column":63}},"58":{"start":{"line":178,"column":6},"end":{"line":178,"column":22}},"59":{"start":{"line":182,"column":0},"end":{"line":201,"column":5}},"60":{"start":{"line":188,"column":4},"end":{"line":200,"column":5}},"61":{"start":{"line":189,"column":29},"end":{"line":192,"column":7}},"62":{"start":{"line":194,"column":6},"end":{"line":194,"column":51}},"63":{"start":{"line":195,"column":6},"end":{"line":195,"column":35}},"64":{"start":{"line":196,"column":6},"end":{"line":196,"column":35}},"65":{"start":{"line":198,"column":6},"end":{"line":198,"column":60}},"66":{"start":{"line":199,"column":6},"end":{"line":199,"column":22}},"67":{"start":{"line":203,"column":0},"end":{"line":203,"column":28}}},"fnMap":{"0":{"name":"(anonymous_0)","decl":{"start":{"line":9,"column":2},"end":{"line":9,"column":3}},"loc":{"start":{"line":9,"column":36},"end":{"line":14,"column":3}},"line":9},"1":{"name":"(anonymous_1)","decl":{"start":{"line":16,"column":2},"end":{"line":16,"column":3}},"loc":{"start":{"line":16,"column":38},"end":{"line":26,"column":3}},"line":16},"2":{"name":"(anonymous_2)","decl":{"start":{"line":28,"column":2},"end":{"line":28,"column":3}},"loc":{"start":{"line":28,"column":46},"end":{"line":57,"column":3}},"line":28},"3":{"name":"(anonymous_3)","decl":{"start":{"line":73,"column":10},"end":{"line":73,"column":11}},"loc":{"start":{"line":73,"column":23},"end":{"line":97,"column":3}},"line":73},"4":{"name":"(anonymous_4)","decl":{"start":{"line":110,"column":10},"end":{"line":110,"column":11}},"loc":{"start":{"line":110,"column":23},"end":{"line":135,"column":3}},"line":110},"5":{"name":"(anonymous_5)","decl":{"start":{"line":147,"column":10},"end":{"line":147,"column":11}},"loc":{"start":{"line":147,"column":23},"end":{"line":180,"column":3}},"line":147},"6":{"name":"(anonymous_6)","decl":{"start":{"line":187,"column":10},"end":{"line":187,"column":11}},"loc":{"start":{"line":187,"column":23},"end":{"line":201,"column":3}},"line":187}},"branchMap":{"0":{"loc":{"start":{"line":9,"column":23},"end":{"line":9,"column":34}},"type":"default-arg","locations":[{"start":{"line":9,"column":32},"end":{"line":9,"column":34}}],"line":9},"1":{"loc":{"start":{"line":16,"column":25},"end":{"line":16,"column":36}},"type":"default-arg","locations":[{"start":{"line":16,"column":32},"end":{"line":16,"column":36}}],"line":16},"2":{"loc":{"start":{"line":17,"column":22},"end":{"line":17,"column":59}},"type":"binary-expr","locations":[{"start":{"line":17,"column":22},"end":{"line":17,"column":26}},{"start":{"line":17,"column":30},"end":{"line":17,"column":59}}],"line":17},"3":{"loc":{"start":{"line":28,"column":18},"end":{"line":28,"column":30}},"type":"default-arg","locations":[{"start":{"line":28,"column":25},"end":{"line":28,"column":30}}],"line":28},"4":{"loc":{"start":{"line":28,"column":32},"end":{"line":28,"column":44}},"type":"default-arg","locations":[{"start":{"line":28,"column":42},"end":{"line":28,"column":44}}],"line":28},"5":{"loc":{"start":{"line":29,"column":4},"end":{"line":56,"column":5}},"type":"switch","locations":[{"start":{"line":30,"column":6},"end":{"line":41,"column":11}},{"start":{"line":42,"column":6},"end":{"line":53,"column":11}},{"start":{"line":54,"column":6},"end":{"line":55,"column":53}}],"line":29},"6":{"loc":{"start":{"line":32,"column":25},"end":{"line":32,"column":54}},"type":"binary-expr","locations":[{"start":{"line":32,"column":25},"end":{"line":32,"column":46}},{"start":{"line":32,"column":50},"end":{"line":32,"column":54}}],"line":32},"7":{"loc":{"start":{"line":44,"column":22},"end":{"line":44,"column":55}},"type":"binary-expr","locations":[{"start":{"line":44,"column":22},"end":{"line":44,"column":40}},{"start":{"line":44,"column":44},"end":{"line":44,"column":55}}],"line":44},"8":{"loc":{"start":{"line":80,"column":6},"end":{"line":82,"column":7}},"type":"if","locations":[{"start":{"line":80,"column":6},"end":{"line":82,"column":7}},{"start":{},"end":{}}],"line":80},"9":{"loc":{"start":{"line":115,"column":6},"end":{"line":121,"column":7}},"type":"if","locations":[{"start":{"line":115,"column":6},"end":{"line":121,"column":7}},{"start":{"line":117,"column":13},"end":{"line":121,"column":7}}],"line":115},"10":{"loc":{"start":{"line":117,"column":13},"end":{"line":121,"column":7}},"type":"if","locations":[{"start":{"line":117,"column":13},"end":{"line":121,"column":7}},{"start":{"line":119,"column":13},"end":{"line":121,"column":7}}],"line":117},"11":{"loc":{"start":{"line":155,"column":6},"end":{"line":169,"column":7}},"type":"if","locations":[{"start":{"line":155,"column":6},"end":{"line":169,"column":7}},{"start":{"line":157,"column":13},"end":{"line":169,"column":7}}],"line":155},"12":{"loc":{"start":{"line":155,"column":10},"end":{"line":155,"column":62}},"type":"binary-expr","locations":[{"start":{"line":155,"column":10},"end":{"line":155,"column":24}},{"start":{"line":155,"column":28},"end":{"line":155,"column":62}}],"line":155},"13":{"loc":{"start":{"line":157,"column":13},"end":{"line":169,"column":7}},"type":"if","locations":[{"start":{"line":157,"column":13},"end":{"line":169,"column":7}},{"start":{"line":163,"column":13},"end":{"line":169,"column":7}}],"line":157},"14":{"loc":{"start":{"line":158,"column":8},"end":{"line":160,"column":45}},"type":"binary-expr","locations":[{"start":{"line":158,"column":8},"end":{"line":158,"column":25}},{"start":{"line":159,"column":9},"end":{"line":159,"column":43}},{"start":{"line":160,"column":10},"end":{"line":160,"column":44}}],"line":158},"15":{"loc":{"start":{"line":166,"column":12},"end":{"line":166,"column":76}},"type":"cond-expr","locations":[{"start":{"line":166,"column":49},"end":{"line":166,"column":59}},{"start":{"line":166,"column":62},"end":{"line":166,"column":76}}],"line":166}},"s":{"0":0,"1":0,"2":0,"3":0,"4":0,"5":0,"6":0,"7":0,"8":0,"9":0,"10":0,"11":0,"12":0,"13":0,"14":0,"15":0,"16":0,"17":0,"18":0,"19":0,"20":0,"21":0,"22":0,"23":0,"24":0,"25":0,"26":0,"27":0,"28":0,"29":0,"30":0,"31":0,"32":0,"33":0,"34":0,"35":0,"36":0,"37":0,"38":0,"39":0,"40":0,"41":0,"42":0,"43":0,"44":0,"45":0,"46":0,"47":0,"48":0,"49":0,"50":0,"51":0,"52":0,"53":0,"54":0,"55":0,"56":0,"57":0,"58":0,"59":0,"60":0,"61":0,"62":0,"63":0,"64":0,"65":0,"66":0,"67":0},"f":{"0":0,"1":0,"2":0,"3":0,"4":0,"5":0,"6":0},"b":{"0":[0],"1":[0],"2":[0,0],"3":[0],"4":[0],"5":[0,0,0],"6":[0,0],"7":[0,0],"8":[0,0],"9":[0,0],"10":[0,0],"11":[0,0],"12":[0,0],"13":[0,0],"14":[0,0,0],"15":[0,0]}}
,"/home/kasimlyee/jwt-guard/lib/core.js": {"path":"/home/kasimlyee/jwt-guard/lib/core.js","statementMap":{"0":{"start":{"line":1,"column":15},"end":{"line":1,"column":32}},"1":{"start":{"line":2,"column":11},"end":{"line":2,"column":24}},"2":{"start":{"line":3,"column":13},"end":{"line":3,"column":28}},"3":{"start":{"line":4,"column":21},"end":{"line":4,"column":41}},"4":{"start":{"line":8,"column":4},"end":{"line":8,"column":19}},"5":{"start":{"line":9,"column":4},"end":{"line":9,"column":27}},"6":{"start":{"line":10,"column":4},"end":{"line":10,"column":21}},"7":{"start":{"line":16,"column":4},"end":{"line":23,"column":6}},"8":{"start":{"line":25,"column":4},"end":{"line":25,"column":27}},"9":{"start":{"line":26,"column":4},"end":{"line":26,"column":20}},"10":{"start":{"line":27,"column":4},"end":{"line":27,"column":36}},"11":{"start":{"line":28,"column":4},"end":{"line":28,"column":43}},"12":{"start":{"line":29,"column":4},"end":{"line":31,"column":6}},"13":{"start":{"line":35,"column":4},"end":{"line":35,"column":58}},"14":{"start":{"line":39,"column":32},"end":{"line":48,"column":5}},"15":{"start":{"line":49,"column":4},"end":{"line":51,"column":5}},"16":{"start":{"line":50,"column":6},"end":{"line":50,"column":77}},"17":{"start":{"line":53,"column":4},"end":{"line":55,"column":5}},"18":{"start":{"line":54,"column":6},"end":{"line":54,"column":73}},"19":{"start":{"line":59,"column":4},"end":{"line":75,"column":5}},"20":{"start":{"line":60,"column":6},"end":{"line":62,"column":7}},"21":{"start":{"line":61,"column":8},"end":{"line":61,"column":73}},"22":{"start":{"line":63,"column":6},"end":{"line":63,"column":40}},"23":{"start":{"line":64,"column":11},"end":{"line":75,"column":5}},"24":{"start":{"line":68,"column":6},"end":{"line":72,"column":7}},"25":{"start":{"line":69,"column":8},"end":{"line":71,"column":10}},"26":{"start":{"line":73,"column":6},"end":{"line":73,"column":46}},"27":{"start":{"line":74,"column":6},"end":{"line":74,"column":48}},"28":{"start":{"line":78,"column":17},"end":{"line":78,"column":37}},"29":{"start":{"line":79,"column":18},"end":{"line":79,"column":55}},"30":{"start":{"line":81,"column":4},"end":{"line":92,"column":5}},"31":{"start":{"line":83,"column":8},"end":{"line":83,"column":28}},"32":{"start":{"line":85,"column":8},"end":{"line":85,"column":33}},"33":{"start":{"line":87,"column":8},"end":{"line":87,"column":38}},"34":{"start":{"line":89,"column":8},"end":{"line":89,"column":43}},"35":{"start":{"line":91,"column":8},"end":{"line":91,"column":57}},"36":{"start":{"line":96,"column":4},"end":{"line":104,"column":5}},"37":{"start":{"line":98,"column":6},"end":{"line":98,"column":30}},"38":{"start":{"line":101,"column":6},"end":{"line":101,"column":66}},"39":{"start":{"line":103,"column":6},"end":{"line":103,"column":19}},"40":{"start":{"line":108,"column":4},"end":{"line":108,"column":71}},"41":{"start":{"line":112,"column":18},"end":{"line":112,"column":78}},"42":{"start":{"line":113,"column":4},"end":{"line":117,"column":6}},"43":{"start":{"line":118,"column":4},"end":{"line":118,"column":17}},"44":{"start":{"line":122,"column":19},"end":{"line":125,"column":5}},"45":{"start":{"line":128,"column":16},"end":{"line":128,"column":45}},"46":{"start":{"line":129,"column":19},"end":{"line":131,"column":5}},"47":{"start":{"line":133,"column":19},"end":{"line":140,"column":5}},"48":{"start":{"line":142,"column":26},"end":{"line":142,"column":70}},"49":{"start":{"line":143,"column":27},"end":{"line":143,"column":71}},"50":{"start":{"line":144,"column":22},"end":{"line":144,"column":74}},"51":{"start":{"line":146,"column":4},"end":{"line":146,"column":61}},"52":{"start":{"line":150,"column":4},"end":{"line":172,"column":5}},"53":{"start":{"line":152,"column":6},"end":{"line":168,"column":7}},"54":{"start":{"line":153,"column":8},"end":{"line":159,"column":30}},"55":{"start":{"line":161,"column":8},"end":{"line":167,"column":30}},"56":{"start":{"line":169,"column":6},"end":{"line":169,"column":23}},"57":{"start":{"line":171,"column":6},"end":{"line":171,"column":65}},"58":{"start":{"line":176,"column":4},"end":{"line":191,"column":5}},"59":{"start":{"line":180,"column":8},"end":{"line":180,"column":24}},"60":{"start":{"line":184,"column":8},"end":{"line":184,"column":24}},"61":{"start":{"line":188,"column":8},"end":{"line":188,"column":24}},"62":{"start":{"line":190,"column":8},"end":{"line":190,"column":24}},"63":{"start":{"line":195,"column":4},"end":{"line":197,"column":5}},"64":{"start":{"line":196,"column":6},"end":{"line":196,"column":76}},"65":{"start":{"line":199,"column":18},"end":{"line":199,"column":34}},"66":{"start":{"line":200,"column":4},"end":{"line":202,"column":5}},"67":{"start":{"line":201,"column":6},"end":{"line":201,"column":66}},"68":{"start":{"line":204,"column":55},"end":{"line":204,"column":60}},"69":{"start":{"line":205,"column":19},"end":{"line":205,"column":66}},"70":{"start":{"line":206,"column":20},"end":{"line":206,"column":68}},"71":{"start":{"line":209,"column":4},"end":{"line":211,"column":5}},"72":{"start":{"line":210,"column":6},"end":{"line":210,"column":75}},"73":{"start":{"line":214,"column":25},"end":{"line":214,"column":61}},"74":{"start":{"line":215,"column":29},"end":{"line":219,"column":5}},"75":{"start":{"line":220,"column":4},"end":{"line":222,"column":5}},"76":{"start":{"line":221,"column":6},"end":{"line":221,"column":73}},"77":{"start":{"line":225,"column":16},"end":{"line":225,"column":45}},"78":{"start":{"line":226,"column":4},"end":{"line":228,"column":5}},"79":{"start":{"line":227,"column":6},"end":{"line":227,"column":63}},"80":{"start":{"line":231,"column":4},"end":{"line":233,"column":5}},"81":{"start":{"line":232,"column":6},"end":{"line":232,"column":67}},"82":{"start":{"line":236,"column":4},"end":{"line":241,"column":5}},"83":{"start":{"line":240,"column":6},"end":{"line":240,"column":71}},"84":{"start":{"line":243,"column":4},"end":{"line":243,"column":19}},"85":{"start":{"line":247,"column":4},"end":{"line":265,"column":5}},"86":{"start":{"line":248,"column":6},"end":{"line":262,"column":7}},"87":{"start":{"line":249,"column":34},"end":{"line":255,"column":29}},"88":{"start":{"line":256,"column":8},"end":{"line":256,"column":47}},"89":{"start":{"line":258,"column":8},"end":{"line":261,"column":55}},"90":{"start":{"line":264,"column":6},"end":{"line":264,"column":74}},"91":{"start":{"line":269,"column":4},"end":{"line":273,"column":26}},"92":{"start":{"line":277,"column":17},"end":{"line":277,"column":20}},"93":{"start":{"line":278,"column":4},"end":{"line":280,"column":5}},"94":{"start":{"line":279,"column":6},"end":{"line":279,"column":20}},"95":{"start":{"line":281,"column":4},"end":{"line":284,"column":17}},"96":{"start":{"line":288,"column":4},"end":{"line":288,"column":35}},"97":{"start":{"line":292,"column":4},"end":{"line":292,"column":54}},"98":{"start":{"line":296,"column":4},"end":{"line":296,"column":38}},"99":{"start":{"line":297,"column":4},"end":{"line":297,"column":46}},"100":{"start":{"line":301,"column":0},"end":{"line":304,"column":2}}},"fnMap":{"0":{"name":"(anonymous_0)","decl":{"start":{"line":7,"column":2},"end":{"line":7,"column":3}},"loc":{"start":{"line":7,"column":43},"end":{"line":11,"column":3}},"line":7},"1":{"name":"(anonymous_1)","decl":{"start":{"line":15,"column":2},"end":{"line":15,"column":3}},"loc":{"start":{"line":15,"column":28},"end":{"line":32,"column":3}},"line":15},"2":{"name":"(anonymous_2)","decl":{"start":{"line":34,"column":2},"end":{"line":34,"column":3}},"loc":{"start":{"line":34,"column":29},"end":{"line":36,"column":3}},"line":34},"3":{"name":"(anonymous_3)","decl":{"start":{"line":38,"column":2},"end":{"line":38,"column":3}},"loc":{"start":{"line":38,"column":20},"end":{"line":56,"column":3}},"line":38},"4":{"name":"(anonymous_4)","decl":{"start":{"line":58,"column":2},"end":{"line":58,"column":3}},"loc":{"start":{"line":58,"column":13},"end":{"line":76,"column":3}},"line":58},"5":{"name":"(anonymous_5)","decl":{"start":{"line":77,"column":2},"end":{"line":77,"column":3}},"loc":{"start":{"line":77,"column":31},"end":{"line":93,"column":3}},"line":77},"6":{"name":"(anonymous_6)","decl":{"start":{"line":95,"column":2},"end":{"line":95,"column":3}},"loc":{"start":{"line":95,"column":35},"end":{"line":105,"column":3}},"line":95},"7":{"name":"(anonymous_7)","decl":{"start":{"line":107,"column":2},"end":{"line":107,"column":3}},"loc":{"start":{"line":107,"column":31},"end":{"line":109,"column":3}},"line":107},"8":{"name":"(anonymous_8)","decl":{"start":{"line":111,"column":2},"end":{"line":111,"column":3}},"loc":{"start":{"line":111,"column":32},"end":{"line":119,"column":3}},"line":111},"9":{"name":"(anonymous_9)","decl":{"start":{"line":121,"column":2},"end":{"line":121,"column":3}},"loc":{"start":{"line":121,"column":36},"end":{"line":147,"column":3}},"line":121},"10":{"name":"(anonymous_10)","decl":{"start":{"line":149,"column":2},"end":{"line":149,"column":3}},"loc":{"start":{"line":149,"column":19},"end":{"line":173,"column":3}},"line":149},"11":{"name":"(anonymous_11)","decl":{"start":{"line":175,"column":2},"end":{"line":175,"column":3}},"loc":{"start":{"line":175,"column":21},"end":{"line":192,"column":3}},"line":175},"12":{"name":"(anonymous_12)","decl":{"start":{"line":194,"column":2},"end":{"line":194,"column":3}},"loc":{"start":{"line":194,"column":35},"end":{"line":244,"column":3}},"line":194},"13":{"name":"(anonymous_13)","decl":{"start":{"line":246,"column":2},"end":{"line":246,"column":3}},"loc":{"start":{"line":246,"column":47},"end":{"line":266,"column":3}},"line":246},"14":{"name":"(anonymous_14)","decl":{"start":{"line":268,"column":2},"end":{"line":268,"column":3}},"loc":{"start":{"line":268,"column":23},"end":{"line":274,"column":3}},"line":268},"15":{"name":"(anonymous_15)","decl":{"start":{"line":276,"column":2},"end":{"line":276,"column":3}},"loc":{"start":{"line":276,"column":23},"end":{"line":285,"column":3}},"line":276},"16":{"name":"(anonymous_16)","decl":{"start":{"line":287,"column":2},"end":{"line":287,"column":3}},"loc":{"start":{"line":287,"column":24},"end":{"line":289,"column":3}},"line":287},"17":{"name":"(anonymous_17)","decl":{"start":{"line":291,"column":2},"end":{"line":291,"column":3}},"loc":{"start":{"line":291,"column":28},"end":{"line":293,"column":3}},"line":291},"18":{"name":"(anonymous_18)","decl":{"start":{"line":295,"column":2},"end":{"line":295,"column":3}},"loc":{"start":{"line":295,"column":40},"end":{"line":298,"column":3}},"line":295}},"branchMap":{"0":{"loc":{"start":{"line":7,"column":23},"end":{"line":7,"column":41}},"type":"default-arg","locations":[{"start":{"line":7,"column":30},"end":{"line":7,"column":41}}],"line":7},"1":{"loc":{"start":{"line":15,"column":14},"end":{"line":15,"column":26}},"type":"default-arg","locations":[{"start":{"line":15,"column":24},"end":{"line":15,"column":26}}],"line":15},"2":{"loc":{"start":{"line":30,"column":6},"end":{"line":30,"column":51}},"type":"binary-expr","locations":[{"start":{"line":30,"column":6},"end":{"line":30,"column":26}},{"start":{"line":30,"column":30},"end":{"line":30,"column":51}}],"line":30},"3":{"loc":{"start":{"line":49,"column":4},"end":{"line":51,"column":5}},"type":"if","locations":[{"start":{"line":49,"column":4},"end":{"line":51,"column":5}},{"start":{},"end":{}}],"line":49},"4":{"loc":{"start":{"line":53,"column":4},"end":{"line":55,"column":5}},"type":"if","locations":[{"start":{"line":53,"column":4},"end":{"line":55,"column":5}},{"start":{},"end":{}}],"line":53},"5":{"loc":{"start":{"line":53,"column":8},"end":{"line":53,"column":56}},"type":"binary-expr","locations":[{"start":{"line":53,"column":8},"end":{"line":53,"column":28}},{"start":{"line":53,"column":32},"end":{"line":53,"column":56}}],"line":53},"6":{"loc":{"start":{"line":59,"column":4},"end":{"line":75,"column":5}},"type":"if","locations":[{"start":{"line":59,"column":4},"end":{"line":75,"column":5}},{"start":{"line":64,"column":11},"end":{"line":75,"column":5}}],"line":59},"7":{"loc":{"start":{"line":60,"column":6},"end":{"line":62,"column":7}},"type":"if","locations":[{"start":{"line":60,"column":6},"end":{"line":62,"column":7}},{"start":{},"end":{}}],"line":60},"8":{"loc":{"start":{"line":64,"column":11},"end":{"line":75,"column":5}},"type":"if","locations":[{"start":{"line":64,"column":11},"end":{"line":75,"column":5}},{"start":{},"end":{}}],"line":64},"9":{"loc":{"start":{"line":65,"column":6},"end":{"line":66,"column":45}},"type":"binary-expr","locations":[{"start":{"line":65,"column":6},"end":{"line":65,"column":45}},{"start":{"line":66,"column":6},"end":{"line":66,"column":45}}],"line":65},"10":{"loc":{"start":{"line":68,"column":6},"end":{"line":72,"column":7}},"type":"if","locations":[{"start":{"line":68,"column":6},"end":{"line":72,"column":7}},{"start":{},"end":{}}],"line":68},"11":{"loc":{"start":{"line":68,"column":10},"end":{"line":68,"column":61}},"type":"binary-expr","locations":[{"start":{"line":68,"column":10},"end":{"line":68,"column":33}},{"start":{"line":68,"column":37},"end":{"line":68,"column":61}}],"line":68},"12":{"loc":{"start":{"line":81,"column":4},"end":{"line":92,"column":5}},"type":"switch","locations":[{"start":{"line":82,"column":6},"end":{"line":83,"column":28}},{"start":{"line":84,"column":6},"end":{"line":85,"column":33}},{"start":{"line":86,"column":6},"end":{"line":87,"column":38}},{"start":{"line":88,"column":6},"end":{"line":89,"column":43}},{"start":{"line":90,"column":6},"end":{"line":91,"column":57}}],"line":81},"13":{"loc":{"start":{"line":152,"column":6},"end":{"line":168,"column":7}},"type":"if","locations":[{"start":{"line":152,"column":6},"end":{"line":168,"column":7}},{"start":{"line":160,"column":13},"end":{"line":168,"column":7}}],"line":152},"14":{"loc":{"start":{"line":176,"column":4},"end":{"line":191,"column":5}},"type":"switch","locations":[{"start":{"line":177,"column":6},"end":{"line":177,"column":19}},{"start":{"line":178,"column":6},"end":{"line":178,"column":19}},{"start":{"line":179,"column":6},"end":{"line":180,"column":24}},{"start":{"line":181,"column":6},"end":{"line":181,"column":19}},{"start":{"line":182,"column":6},"end":{"line":182,"column":19}},{"start":{"line":183,"column":6},"end":{"line":184,"column":24}},{"start":{"line":185,"column":6},"end":{"line":185,"column":19}},{"start":{"line":186,"column":6},"end":{"line":186,"column":19}},{"start":{"line":187,"column":6},"end":{"line":188,"column":24}},{"start":{"line":189,"column":6},"end":{"line":190,"column":24}}],"line":176},"15":{"loc":{"start":{"line":194,"column":21},"end":{"line":194,"column":33}},"type":"default-arg","locations":[{"start":{"line":194,"column":31},"end":{"line":194,"column":33}}],"line":194},"16":{"loc":{"start":{"line":195,"column":4},"end":{"line":197,"column":5}},"type":"if","locations":[{"start":{"line":195,"column":4},"end":{"line":197,"column":5}},{"start":{},"end":{}}],"line":195},"17":{"loc":{"start":{"line":200,"column":4},"end":{"line":202,"column":5}},"type":"if","locations":[{"start":{"line":200,"column":4},"end":{"line":202,"column":5}},{"start":{},"end":{}}],"line":200},"18":{"loc":{"start":{"line":209,"column":4},"end":{"line":211,"column":5}},"type":"if","locations":[{"start":{"line":209,"column":4},"end":{"line":211,"column":5}},{"start":{},"end":{}}],"line":209},"19":{"loc":{"start":{"line":220,"column":4},"end":{"line":222,"column":5}},"type":"if","locations":[{"start":{"line":220,"column":4},"end":{"line":222,"column":5}},{"start":{},"end":{}}],"line":220},"20":{"loc":{"start":{"line":226,"column":4},"end":{"line":228,"column":5}},"type":"if","locations":[{"start":{"line":226,"column":4},"end":{"line":228,"column":5}},{"start":{},"end":{}}],"line":226},"21":{"loc":{"start":{"line":226,"column":8},"end":{"line":226,"column":40}},"type":"binary-expr","locations":[{"start":{"line":226,"column":8},"end":{"line":226,"column":19}},{"start":{"line":226,"column":23},"end":{"line":226,"column":40}}],"line":226},"22":{"loc":{"start":{"line":231,"column":4},"end":{"line":233,"column":5}},"type":"if","locations":[{"start":{"line":231,"column":4},"end":{"line":233,"column":5}},{"start":{},"end":{}}],"line":231},"23":{"loc":{"start":{"line":231,"column":8},"end":{"line":231,"column":77}},"type":"binary-expr","locations":[{"start":{"line":231,"column":8},"end":{"line":231,"column":38}},{"start":{"line":231,"column":42},"end":{"line":231,"column":77}}],"line":231},"24":{"loc":{"start":{"line":236,"column":4},"end":{"line":241,"column":5}},"type":"if","locations":[{"start":{"line":236,"column":4},"end":{"line":241,"column":5}},{"start":{},"end":{}}],"line":236},"25":{"loc":{"start":{"line":237,"column":6},"end":{"line":238,"column":43}},"type":"binary-expr","locations":[{"start":{"line":237,"column":6},"end":{"line":237,"column":38}},{"start":{"line":238,"column":6},"end":{"line":238,"column":43}}],"line":237},"26":{"loc":{"start":{"line":248,"column":6},"end":{"line":262,"column":7}},"type":"if","locations":[{"start":{"line":248,"column":6},"end":{"line":262,"column":7}},{"start":{"line":257,"column":13},"end":{"line":262,"column":7}}],"line":248}},"s":{"0":3,"1":3,"2":3,"3":3,"4":15,"5":15,"6":15,"7":13,"8":13,"9":10,"10":10,"11":10,"12":10,"13":0,"14":13,"15":13,"16":1,"17":12,"18":2,"19":10,"20":9,"21":0,"22":9,"23":1,"24":1,"25":0,"26":1,"27":1,"28":34,"29":34,"30":34,"31":2,"32":24,"33":8,"34":0,"35":0,"36":6,"37":6,"38":5,"39":1,"40":18,"41":8,"42":8,"43":8,"44":26,"45":26,"46":26,"47":26,"48":26,"49":26,"50":26,"51":26,"52":26,"53":26,"54":24,"55":2,"56":26,"57":0,"58":45,"59":45,"60":0,"61":0,"62":0,"63":27,"64":3,"65":24,"66":24,"67":2,"68":22,"69":22,"70":19,"71":19,"72":0,"73":19,"74":19,"75":19,"76":4,"77":15,"78":15,"79":3,"80":12,"81":0,"82":12,"83":0,"84":12,"85":19,"86":19,"87":18,"88":18,"89":1,"90":0,"91":52,"92":41,"93":41,"94":7,"95":41,"96":2,"97":4,"98":2,"99":2,"100":3},"f":{"0":15,"1":13,"2":0,"3":13,"4":10,"5":34,"6":6,"7":18,"8":8,"9":26,"10":26,"11":45,"12":27,"13":19,"14":52,"15":41,"16":2,"17":4,"18":2},"b":{"0":[3],"1":[0],"2":[10,8],"3":[1,12],"4":[2,10],"5":[12,3],"6":[9,1],"7":[0,9],"8":[1,0],"9":[1,0],"10":[0,1],"11":[1,0],"12":[2,24,8,0,0],"13":[24,2],"14":[42,45,45,0,0,0,0,0,0,0],"15":[20],"16":[3,24],"17":[2,22],"18":[0,19],"19":[4,15],"20":[3,12],"21":[15,15],"22":[0,12],"23":[12,12],"24":[0,12],"25":[12,12],"26":[18,1]},"_coverageSchema":"1a1c01bbd47fc00a2c39e90264f33305004495a9","hash":"1e6e1653c021164f49cd1bf4d2c79243d1deeca5"}
,"/home/kasimlyee/jwt-guard/lib/middleware.js": {"path":"/home/kasimlyee/jwt-guard/lib/middleware.js","statementMap":{"0":{"start":{"line":1,"column":30},"end":{"line":1,"column":47}},"1":{"start":{"line":4,"column":2},"end":{"line":38,"column":4}},"2":{"start":{"line":5,"column":18},"end":{"line":5,"column":44}},"3":{"start":{"line":7,"column":4},"end":{"line":12,"column":5}},"4":{"start":{"line":8,"column":6},"end":{"line":11,"column":9}},"5":{"start":{"line":14,"column":4},"end":{"line":37,"column":5}},"6":{"start":{"line":15,"column":22},"end":{"line":18,"column":8}},"7":{"start":{"line":20,"column":6},"end":{"line":20,"column":25}},"8":{"start":{"line":21,"column":6},"end":{"line":21,"column":24}},"9":{"start":{"line":22,"column":6},"end":{"line":22,"column":13}},"10":{"start":{"line":24,"column":6},"end":{"line":30,"column":7}},"11":{"start":{"line":25,"column":8},"end":{"line":29,"column":11}},"12":{"start":{"line":32,"column":6},"end":{"line":36,"column":9}},"13":{"start":{"line":43,"column":2},"end":{"line":48,"column":3}},"14":{"start":{"line":44,"column":18},"end":{"line":44,"column":54}},"15":{"start":{"line":45,"column":4},"end":{"line":47,"column":5}},"16":{"start":{"line":46,"column":6},"end":{"line":46,"column":22}},"17":{"start":{"line":51,"column":2},"end":{"line":53,"column":3}},"18":{"start":{"line":52,"column":4},"end":{"line":52,"column":44}},"19":{"start":{"line":56,"column":2},"end":{"line":58,"column":3}},"20":{"start":{"line":57,"column":4},"end":{"line":57,"column":41}},"21":{"start":{"line":61,"column":2},"end":{"line":63,"column":3}},"22":{"start":{"line":62,"column":4},"end":{"line":62,"column":39}},"23":{"start":{"line":65,"column":2},"end":{"line":65,"column":14}},"24":{"start":{"line":69,"column":2},"end":{"line":71,"column":3}},"25":{"start":{"line":70,"column":4},"end":{"line":70,"column":36}},"26":{"start":{"line":73,"column":2},"end":{"line":92,"column":4}},"27":{"start":{"line":74,"column":4},"end":{"line":79,"column":5}},"28":{"start":{"line":75,"column":6},"end":{"line":78,"column":9}},"29":{"start":{"line":81,"column":22},"end":{"line":81,"column":42}},"30":{"start":{"line":82,"column":20},"end":{"line":82,"column":74}},"31":{"start":{"line":82,"column":49},"end":{"line":82,"column":73}},"32":{"start":{"line":84,"column":4},"end":{"line":89,"column":5}},"33":{"start":{"line":85,"column":6},"end":{"line":88,"column":9}},"34":{"start":{"line":91,"column":4},"end":{"line":91,"column":11}},"35":{"start":{"line":95,"column":0},"end":{"line":98,"column":2}}},"fnMap":{"0":{"name":"createAuthMiddleware","decl":{"start":{"line":3,"column":9},"end":{"line":3,"column":29}},"loc":{"start":{"line":3,"column":53},"end":{"line":39,"column":1}},"line":3},"1":{"name":"jwtMiddleware","decl":{"start":{"line":4,"column":18},"end":{"line":4,"column":31}},"loc":{"start":{"line":4,"column":48},"end":{"line":38,"column":3}},"line":4},"2":{"name":"extractToken","decl":{"start":{"line":41,"column":9},"end":{"line":41,"column":21}},"loc":{"start":{"line":41,"column":36},"end":{"line":66,"column":1}},"line":41},"3":{"name":"createRoleMiddleware","decl":{"start":{"line":68,"column":9},"end":{"line":68,"column":29}},"loc":{"start":{"line":68,"column":45},"end":{"line":93,"column":1}},"line":68},"4":{"name":"roleMiddleware","decl":{"start":{"line":73,"column":18},"end":{"line":73,"column":32}},"loc":{"start":{"line":73,"column":49},"end":{"line":92,"column":3}},"line":73},"5":{"name":"(anonymous_5)","decl":{"start":{"line":82,"column":39},"end":{"line":82,"column":40}},"loc":{"start":{"line":82,"column":49},"end":{"line":82,"column":73}},"line":82}},"branchMap":{"0":{"loc":{"start":{"line":3,"column":39},"end":{"line":3,"column":51}},"type":"default-arg","locations":[{"start":{"line":3,"column":49},"end":{"line":3,"column":51}}],"line":3},"1":{"loc":{"start":{"line":7,"column":4},"end":{"line":12,"column":5}},"type":"if","locations":[{"start":{"line":7,"column":4},"end":{"line":12,"column":5}},{"start":{},"end":{}}],"line":7},"2":{"loc":{"start":{"line":24,"column":6},"end":{"line":30,"column":7}},"type":"if","locations":[{"start":{"line":24,"column":6},"end":{"line":30,"column":7}},{"start":{},"end":{}}],"line":24},"3":{"loc":{"start":{"line":35,"column":14},"end":{"line":35,"column":41}},"type":"binary-expr","locations":[{"start":{"line":35,"column":14},"end":{"line":35,"column":22}},{"start":{"line":35,"column":26},"end":{"line":35,"column":41}}],"line":35},"4":{"loc":{"start":{"line":43,"column":2},"end":{"line":48,"column":3}},"type":"if","locations":[{"start":{"line":43,"column":2},"end":{"line":48,"column":3}},{"start":{},"end":{}}],"line":43},"5":{"loc":{"start":{"line":45,"column":4},"end":{"line":47,"column":5}},"type":"if","locations":[{"start":{"line":45,"column":4},"end":{"line":47,"column":5}},{"start":{},"end":{}}],"line":45},"6":{"loc":{"start":{"line":45,"column":8},"end":{"line":45,"column":65}},"type":"binary-expr","locations":[{"start":{"line":45,"column":8},"end":{"line":45,"column":26}},{"start":{"line":45,"column":30},"end":{"line":45,"column":65}}],"line":45},"7":{"loc":{"start":{"line":51,"column":2},"end":{"line":53,"column":3}},"type":"if","locations":[{"start":{"line":51,"column":2},"end":{"line":53,"column":3}},{"start":{},"end":{}}],"line":51},"8":{"loc":{"start":{"line":51,"column":6},"end":{"line":51,"column":71}},"type":"binary-expr","locations":[{"start":{"line":51,"column":6},"end":{"line":51,"column":20}},{"start":{"line":51,"column":24},"end":{"line":51,"column":35}},{"start":{"line":51,"column":39},"end":{"line":51,"column":71}}],"line":51},"9":{"loc":{"start":{"line":56,"column":2},"end":{"line":58,"column":3}},"type":"if","locations":[{"start":{"line":56,"column":2},"end":{"line":58,"column":3}},{"start":{},"end":{}}],"line":56},"10":{"loc":{"start":{"line":56,"column":6},"end":{"line":56,"column":57}},"type":"binary-expr","locations":[{"start":{"line":56,"column":6},"end":{"line":56,"column":24}},{"start":{"line":56,"column":28},"end":{"line":56,"column":57}}],"line":56},"11":{"loc":{"start":{"line":61,"column":2},"end":{"line":63,"column":3}},"type":"if","locations":[{"start":{"line":61,"column":2},"end":{"line":63,"column":3}},{"start":{},"end":{}}],"line":61},"12":{"loc":{"start":{"line":61,"column":6},"end":{"line":61,"column":66}},"type":"binary-expr","locations":[{"start":{"line":61,"column":6},"end":{"line":61,"column":23}},{"start":{"line":61,"column":27},"end":{"line":61,"column":35}},{"start":{"line":61,"column":39},"end":{"line":61,"column":66}}],"line":61},"13":{"loc":{"start":{"line":69,"column":2},"end":{"line":71,"column":3}},"type":"if","locations":[{"start":{"line":69,"column":2},"end":{"line":71,"column":3}},{"start":{},"end":{}}],"line":69},"14":{"loc":{"start":{"line":74,"column":4},"end":{"line":79,"column":5}},"type":"if","locations":[{"start":{"line":74,"column":4},"end":{"line":79,"column":5}},{"start":{},"end":{}}],"line":74},"15":{"loc":{"start":{"line":81,"column":22},"end":{"line":81,"column":42}},"type":"binary-expr","locations":[{"start":{"line":81,"column":22},"end":{"line":81,"column":36}},{"start":{"line":81,"column":40},"end":{"line":81,"column":42}}],"line":81},"16":{"loc":{"start":{"line":84,"column":4},"end":{"line":89,"column":5}},"type":"if","locations":[{"start":{"line":84,"column":4},"end":{"line":89,"column":5}},{"start":{},"end":{}}],"line":84}},"s":{"0":2,"1":9,"2":9,"3":9,"4":2,"5":7,"6":7,"7":4,"8":4,"9":4,"10":3,"11":1,"12":2,"13":9,"14":6,"15":6,"16":6,"17":3,"18":1,"19":2,"20":0,"21":2,"22":0,"23":2,"24":4,"25":3,"26":4,"27":4,"28":1,"29":3,"30":3,"31":4,"32":3,"33":1,"34":2,"35":2},"f":{"0":9,"1":9,"2":9,"3":4,"4":4,"5":4},"b":{"0":[8],"1":[2,7],"2":[1,2],"3":[2,1],"4":[6,3],"5":[6,0],"6":[6,6],"7":[1,2],"8":[3,1,1],"9":[0,2],"10":[2,0],"11":[0,2],"12":[2,0,0],"13":[3,1],"14":[1,3],"15":[3,0],"16":[1,2]},"_coverageSchema":"1a1c01bbd47fc00a2c39e90264f33305004495a9","hash":"5cca341a9d02cf05aea07d5d168d4f6a748ebddc"}
,"/home/kasimlyee/jwt-guard/lib/security.js": {"path":"/home/kasimlyee/jwt-guard/lib/security.js","statementMap":{"0":{"start":{"line":1,"column":15},"end":{"line":1,"column":32}},"1":{"start":{"line":5,"column":4},"end":{"line":8,"column":24}},"2":{"start":{"line":12,"column":22},"end":{"line":12,"column":68}},"3":{"start":{"line":13,"column":17},"end":{"line":15,"column":22}},"4":{"start":{"line":17,"column":4},"end":{"line":20,"column":6}},"5":{"start":{"line":23,"column":20},"end":{"line":23,"column":67}},"6":{"start":{"line":24,"column":4},"end":{"line":24,"column":28}},"7":{"start":{"line":28,"column":4},"end":{"line":55,"column":5}},"8":{"start":{"line":30,"column":8},"end":{"line":40,"column":11}},"9":{"start":{"line":42,"column":8},"end":{"line":52,"column":11}},"10":{"start":{"line":54,"column":8},"end":{"line":54,"column":53}},"11":{"start":{"line":59,"column":4},"end":{"line":59,"column":50}},"12":{"start":{"line":63,"column":20},"end":{"line":63,"column":34}},"13":{"start":{"line":64,"column":20},"end":{"line":64,"column":34}},"14":{"start":{"line":66,"column":4},"end":{"line":68,"column":5}},"15":{"start":{"line":67,"column":6},"end":{"line":67,"column":19}},"16":{"start":{"line":70,"column":4},"end":{"line":70,"column":52}},"17":{"start":{"line":74,"column":0},"end":{"line":74,"column":31}}},"fnMap":{"0":{"name":"(anonymous_0)","decl":{"start":{"line":4,"column":2},"end":{"line":4,"column":3}},"loc":{"start":{"line":4,"column":43},"end":{"line":9,"column":3}},"line":4},"1":{"name":"(anonymous_1)","decl":{"start":{"line":11,"column":2},"end":{"line":11,"column":3}},"loc":{"start":{"line":11,"column":45},"end":{"line":21,"column":3}},"line":11},"2":{"name":"(anonymous_2)","decl":{"start":{"line":22,"column":2},"end":{"line":22,"column":3}},"loc":{"start":{"line":22,"column":46},"end":{"line":25,"column":3}},"line":22},"3":{"name":"(anonymous_3)","decl":{"start":{"line":27,"column":2},"end":{"line":27,"column":3}},"loc":{"start":{"line":27,"column":53},"end":{"line":56,"column":3}},"line":27},"4":{"name":"(anonymous_4)","decl":{"start":{"line":58,"column":2},"end":{"line":58,"column":3}},"loc":{"start":{"line":58,"column":29},"end":{"line":60,"column":3}},"line":58},"5":{"name":"(anonymous_5)","decl":{"start":{"line":62,"column":2},"end":{"line":62,"column":3}},"loc":{"start":{"line":62,"column":35},"end":{"line":71,"column":3}},"line":62}},"branchMap":{"0":{"loc":{"start":{"line":4,"column":30},"end":{"line":4,"column":41}},"type":"default-arg","locations":[{"start":{"line":4,"column":39},"end":{"line":4,"column":41}}],"line":4},"1":{"loc":{"start":{"line":11,"column":32},"end":{"line":11,"column":43}},"type":"default-arg","locations":[{"start":{"line":11,"column":39},"end":{"line":11,"column":43}}],"line":11},"2":{"loc":{"start":{"line":12,"column":22},"end":{"line":12,"column":68}},"type":"binary-expr","locations":[{"start":{"line":12,"column":22},"end":{"line":12,"column":26}},{"start":{"line":12,"column":30},"end":{"line":12,"column":68}}],"line":12},"3":{"loc":{"start":{"line":27,"column":25},"end":{"line":27,"column":37}},"type":"default-arg","locations":[{"start":{"line":27,"column":32},"end":{"line":27,"column":37}}],"line":27},"4":{"loc":{"start":{"line":27,"column":39},"end":{"line":27,"column":51}},"type":"default-arg","locations":[{"start":{"line":27,"column":49},"end":{"line":27,"column":51}}],"line":27},"5":{"loc":{"start":{"line":28,"column":4},"end":{"line":55,"column":5}},"type":"switch","locations":[{"start":{"line":29,"column":6},"end":{"line":40,"column":11}},{"start":{"line":41,"column":6},"end":{"line":52,"column":11}},{"start":{"line":53,"column":6},"end":{"line":54,"column":53}}],"line":28},"6":{"loc":{"start":{"line":31,"column":25},"end":{"line":31,"column":54}},"type":"binary-expr","locations":[{"start":{"line":31,"column":25},"end":{"line":31,"column":46}},{"start":{"line":31,"column":50},"end":{"line":31,"column":54}}],"line":31},"7":{"loc":{"start":{"line":43,"column":22},"end":{"line":43,"column":55}},"type":"binary-expr","locations":[{"start":{"line":43,"column":22},"end":{"line":43,"column":40}},{"start":{"line":43,"column":44},"end":{"line":43,"column":55}}],"line":43},"8":{"loc":{"start":{"line":66,"column":4},"end":{"line":68,"column":5}},"type":"if","locations":[{"start":{"line":66,"column":4},"end":{"line":68,"column":5}},{"start":{},"end":{}}],"line":66}},"s":{"0":1,"1":8,"2":7,"3":7,"4":7,"5":2,"6":2,"7":3,"8":1,"9":1,"10":1,"11":1,"12":3,"13":3,"14":3,"15":1,"16":2,"17":1},"f":{"0":8,"1":7,"2":2,"3":3,"4":1,"5":3},"b":{"0":[0],"1":[3],"2":[7,3],"3":[0],"4":[3],"5":[1,1,1],"6":[1,1],"7":[1,1],"8":[1,2]},"_coverageSchema":"1a1c01bbd47fc00a2c39e90264f33305004495a9","hash":"b21c05652870a08f9186208d029607a0adb09829"}
,"/home/kasimlyee/jwt-guard/lib/storage.js": {"path":"/home/kasimlyee/jwt-guard/lib/storage.js","statementMap":{"0":{"start":{"line":3,"column":4},"end":{"line":7,"column":6}},"1":{"start":{"line":9,"column":4},"end":{"line":9,"column":23}},"2":{"start":{"line":13,"column":4},"end":{"line":25,"column":5}},"3":{"start":{"line":15,"column":8},"end":{"line":15,"column":31}},"4":{"start":{"line":16,"column":8},"end":{"line":16,"column":14}},"5":{"start":{"line":18,"column":8},"end":{"line":20,"column":9}},"6":{"start":{"line":19,"column":10},"end":{"line":19,"column":72}},"7":{"start":{"line":21,"column":8},"end":{"line":21,"column":40}},"8":{"start":{"line":22,"column":8},"end":{"line":22,"column":14}},"9":{"start":{"line":24,"column":8},"end":{"line":24,"column":72}},"10":{"start":{"line":29,"column":4},"end":{"line":49,"column":5}},"11":{"start":{"line":30,"column":6},"end":{"line":30,"column":33}},"12":{"start":{"line":31,"column":6},"end":{"line":33,"column":7}},"13":{"start":{"line":32,"column":8},"end":{"line":32,"column":62}},"14":{"start":{"line":32,"column":25},"end":{"line":32,"column":47}},"15":{"start":{"line":34,"column":6},"end":{"line":34,"column":18}},"16":{"start":{"line":35,"column":11},"end":{"line":49,"column":5}},"17":{"start":{"line":36,"column":6},"end":{"line":48,"column":9}},"18":{"start":{"line":37,"column":8},"end":{"line":47,"column":9}},"19":{"start":{"line":38,"column":10},"end":{"line":41,"column":13}},"20":{"start":{"line":39,"column":12},"end":{"line":40,"column":32}},"21":{"start":{"line":39,"column":21},"end":{"line":39,"column":33}},"22":{"start":{"line":40,"column":17},"end":{"line":40,"column":32}},"23":{"start":{"line":43,"column":10},"end":{"line":46,"column":13}},"24":{"start":{"line":44,"column":12},"end":{"line":45,"column":32}},"25":{"start":{"line":44,"column":21},"end":{"line":44,"column":33}},"26":{"start":{"line":45,"column":17},"end":{"line":45,"column":32}},"27":{"start":{"line":53,"column":4},"end":{"line":62,"column":5}},"28":{"start":{"line":54,"column":6},"end":{"line":54,"column":33}},"29":{"start":{"line":55,"column":11},"end":{"line":62,"column":5}},"30":{"start":{"line":56,"column":6},"end":{"line":61,"column":9}},"31":{"start":{"line":57,"column":8},"end":{"line":60,"column":11}},"32":{"start":{"line":58,"column":10},"end":{"line":59,"column":30}},"33":{"start":{"line":58,"column":19},"end":{"line":58,"column":31}},"34":{"start":{"line":59,"column":15},"end":{"line":59,"column":30}},"35":{"start":{"line":66,"column":4},"end":{"line":75,"column":5}},"36":{"start":{"line":67,"column":6},"end":{"line":67,"column":36}},"37":{"start":{"line":68,"column":11},"end":{"line":75,"column":5}},"38":{"start":{"line":69,"column":6},"end":{"line":74,"column":9}},"39":{"start":{"line":70,"column":8},"end":{"line":73,"column":11}},"40":{"start":{"line":71,"column":10},"end":{"line":72,"column":30}},"41":{"start":{"line":71,"column":19},"end":{"line":71,"column":31}},"42":{"start":{"line":72,"column":15},"end":{"line":72,"column":30}},"43":{"start":{"line":79,"column":4},"end":{"line":88,"column":5}},"44":{"start":{"line":80,"column":6},"end":{"line":80,"column":33}},"45":{"start":{"line":81,"column":11},"end":{"line":88,"column":5}},"46":{"start":{"line":82,"column":6},"end":{"line":87,"column":9}},"47":{"start":{"line":83,"column":8},"end":{"line":86,"column":11}},"48":{"start":{"line":84,"column":10},"end":{"line":85,"column":36}},"49":{"start":{"line":84,"column":19},"end":{"line":84,"column":31}},"50":{"start":{"line":85,"column":15},"end":{"line":85,"column":36}},"51":{"start":{"line":92,"column":0},"end":{"line":92,"column":30}}},"fnMap":{"0":{"name":"(anonymous_0)","decl":{"start":{"line":2,"column":2},"end":{"line":2,"column":3}},"loc":{"start":{"line":2,"column":28},"end":{"line":10,"column":3}},"line":2},"1":{"name":"(anonymous_1)","decl":{"start":{"line":12,"column":2},"end":{"line":12,"column":3}},"loc":{"start":{"line":12,"column":16},"end":{"line":26,"column":3}},"line":12},"2":{"name":"(anonymous_2)","decl":{"start":{"line":28,"column":2},"end":{"line":28,"column":3}},"loc":{"start":{"line":28,"column":29},"end":{"line":50,"column":3}},"line":28},"3":{"name":"(anonymous_3)","decl":{"start":{"line":32,"column":19},"end":{"line":32,"column":20}},"loc":{"start":{"line":32,"column":25},"end":{"line":32,"column":47}},"line":32},"4":{"name":"(anonymous_4)","decl":{"start":{"line":36,"column":25},"end":{"line":36,"column":26}},"loc":{"start":{"line":36,"column":46},"end":{"line":48,"column":7}},"line":36},"5":{"name":"(anonymous_5)","decl":{"start":{"line":38,"column":62},"end":{"line":38,"column":63}},"loc":{"start":{"line":38,"column":78},"end":{"line":41,"column":11}},"line":38},"6":{"name":"(anonymous_6)","decl":{"start":{"line":43,"column":37},"end":{"line":43,"column":38}},"loc":{"start":{"line":43,"column":53},"end":{"line":46,"column":11}},"line":43},"7":{"name":"(anonymous_7)","decl":{"start":{"line":52,"column":2},"end":{"line":52,"column":3}},"loc":{"start":{"line":52,"column":17},"end":{"line":63,"column":3}},"line":52},"8":{"name":"(anonymous_8)","decl":{"start":{"line":56,"column":25},"end":{"line":56,"column":26}},"loc":{"start":{"line":56,"column":46},"end":{"line":61,"column":7}},"line":56},"9":{"name":"(anonymous_9)","decl":{"start":{"line":57,"column":28},"end":{"line":57,"column":29}},"loc":{"start":{"line":57,"column":44},"end":{"line":60,"column":9}},"line":57},"10":{"name":"(anonymous_10)","decl":{"start":{"line":65,"column":2},"end":{"line":65,"column":3}},"loc":{"start":{"line":65,"column":20},"end":{"line":76,"column":3}},"line":65},"11":{"name":"(anonymous_11)","decl":{"start":{"line":69,"column":25},"end":{"line":69,"column":26}},"loc":{"start":{"line":69,"column":46},"end":{"line":74,"column":7}},"line":69},"12":{"name":"(anonymous_12)","decl":{"start":{"line":70,"column":28},"end":{"line":70,"column":29}},"loc":{"start":{"line":70,"column":44},"end":{"line":73,"column":9}},"line":70},"13":{"name":"(anonymous_13)","decl":{"start":{"line":78,"column":2},"end":{"line":78,"column":3}},"loc":{"start":{"line":78,"column":17},"end":{"line":89,"column":3}},"line":78},"14":{"name":"(anonymous_14)","decl":{"start":{"line":82,"column":25},"end":{"line":82,"column":26}},"loc":{"start":{"line":82,"column":46},"end":{"line":87,"column":7}},"line":82},"15":{"name":"(anonymous_15)","decl":{"start":{"line":83,"column":31},"end":{"line":83,"column":32}},"loc":{"start":{"line":83,"column":47},"end":{"line":86,"column":9}},"line":83}},"branchMap":{"0":{"loc":{"start":{"line":2,"column":14},"end":{"line":2,"column":26}},"type":"default-arg","locations":[{"start":{"line":2,"column":24},"end":{"line":2,"column":26}}],"line":2},"1":{"loc":{"start":{"line":13,"column":4},"end":{"line":25,"column":5}},"type":"switch","locations":[{"start":{"line":14,"column":6},"end":{"line":16,"column":14}},{"start":{"line":17,"column":6},"end":{"line":22,"column":14}},{"start":{"line":23,"column":6},"end":{"line":24,"column":72}}],"line":13},"2":{"loc":{"start":{"line":18,"column":8},"end":{"line":20,"column":9}},"type":"if","locations":[{"start":{"line":18,"column":8},"end":{"line":20,"column":9}},{"start":{},"end":{}}],"line":18},"3":{"loc":{"start":{"line":29,"column":4},"end":{"line":49,"column":5}},"type":"if","locations":[{"start":{"line":29,"column":4},"end":{"line":49,"column":5}},{"start":{"line":35,"column":11},"end":{"line":49,"column":5}}],"line":29},"4":{"loc":{"start":{"line":31,"column":6},"end":{"line":33,"column":7}},"type":"if","locations":[{"start":{"line":31,"column":6},"end":{"line":33,"column":7}},{"start":{},"end":{}}],"line":31},"5":{"loc":{"start":{"line":35,"column":11},"end":{"line":49,"column":5}},"type":"if","locations":[{"start":{"line":35,"column":11},"end":{"line":49,"column":5}},{"start":{},"end":{}}],"line":35},"6":{"loc":{"start":{"line":37,"column":8},"end":{"line":47,"column":9}},"type":"if","locations":[{"start":{"line":37,"column":8},"end":{"line":47,"column":9}},{"start":{"line":42,"column":15},"end":{"line":47,"column":9}}],"line":37},"7":{"loc":{"start":{"line":39,"column":12},"end":{"line":40,"column":32}},"type":"if","locations":[{"start":{"line":39,"column":12},"end":{"line":40,"column":32}},{"start":{"line":40,"column":17},"end":{"line":40,"column":32}}],"line":39},"8":{"loc":{"start":{"line":44,"column":12},"end":{"line":45,"column":32}},"type":"if","locations":[{"start":{"line":44,"column":12},"end":{"line":45,"column":32}},{"start":{"line":45,"column":17},"end":{"line":45,"column":32}}],"line":44},"9":{"loc":{"start":{"line":53,"column":4},"end":{"line":62,"column":5}},"type":"if","locations":[{"start":{"line":53,"column":4},"end":{"line":62,"column":5}},{"start":{"line":55,"column":11},"end":{"line":62,"column":5}}],"line":53},"10":{"loc":{"start":{"line":55,"column":11},"end":{"line":62,"column":5}},"type":"if","locations":[{"start":{"line":55,"column":11},"end":{"line":62,"column":5}},{"start":{},"end":{}}],"line":55},"11":{"loc":{"start":{"line":58,"column":10},"end":{"line":59,"column":30}},"type":"if","locations":[{"start":{"line":58,"column":10},"end":{"line":59,"column":30}},{"start":{"line":59,"column":15},"end":{"line":59,"column":30}}],"line":58},"12":{"loc":{"start":{"line":66,"column":4},"end":{"line":75,"column":5}},"type":"if","locations":[{"start":{"line":66,"column":4},"end":{"line":75,"column":5}},{"start":{"line":68,"column":11},"end":{"line":75,"column":5}}],"line":66},"13":{"loc":{"start":{"line":68,"column":11},"end":{"line":75,"column":5}},"type":"if","locations":[{"start":{"line":68,"column":11},"end":{"line":75,"column":5}},{"start":{},"end":{}}],"line":68},"14":{"loc":{"start":{"line":71,"column":10},"end":{"line":72,"column":30}},"type":"if","locations":[{"start":{"line":71,"column":10},"end":{"line":72,"column":30}},{"start":{"line":72,"column":15},"end":{"line":72,"column":30}}],"line":71},"15":{"loc":{"start":{"line":79,"column":4},"end":{"line":88,"column":5}},"type":"if","locations":[{"start":{"line":79,"column":4},"end":{"line":88,"column":5}},{"start":{"line":81,"column":11},"end":{"line":88,"column":5}}],"line":79},"16":{"loc":{"start":{"line":81,"column":11},"end":{"line":88,"column":5}},"type":"if","locations":[{"start":{"line":81,"column":11},"end":{"line":88,"column":5}},{"start":{},"end":{}}],"line":81},"17":{"loc":{"start":{"line":84,"column":10},"end":{"line":85,"column":36}},"type":"if","locations":[{"start":{"line":84,"column":10},"end":{"line":85,"column":36}},{"start":{"line":85,"column":15},"end":{"line":85,"column":36}}],"line":84}},"s":{"0":19,"1":19,"2":19,"3":14,"4":14,"5":5,"6":0,"7":5,"8":5,"9":0,"10":14,"11":12,"12":12,"13":9,"14":1,"15":12,"16":2,"17":2,"18":2,"19":1,"20":1,"21":0,"22":1,"23":1,"24":1,"25":0,"26":1,"27":2,"28":1,"29":1,"30":1,"31":1,"32":1,"33":0,"34":1,"35":6,"36":5,"37":1,"38":1,"39":1,"40":1,"41":0,"42":1,"43":10,"44":9,"45":1,"46":1,"47":1,"48":1,"49":0,"50":1,"51":4},"f":{"0":19,"1":19,"2":14,"3":1,"4":2,"5":1,"6":1,"7":2,"8":1,"9":1,"10":6,"11":1,"12":1,"13":10,"14":1,"15":1},"b":{"0":[0],"1":[14,5,0],"2":[0,5],"3":[12,2],"4":[9,3],"5":[2,0],"6":[1,1],"7":[0,1],"8":[0,1],"9":[1,1],"10":[1,0],"11":[0,1],"12":[5,1],"13":[1,0],"14":[0,1],"15":[9,1],"16":[1,0],"17":[0,1]},"_coverageSchema":"1a1c01bbd47fc00a2c39e90264f33305004495a9","hash":"422d61b65c919f157bf5c0c5a20506c95b00f496"}
}
