TN:
SF:lib/cli.js
FN:9,(anonymous_0)
FN:16,(anonymous_1)
FN:28,(anonymous_2)
FN:73,(anonymous_3)
FN:110,(anonymous_4)
FN:147,(anonymous_5)
FN:187,(anonymous_6)
FNF:7
FNH:0
FNDA:0,(anonymous_0)
FNDA:0,(anonymous_1)
FNDA:0,(anonymous_2)
FNDA:0,(anonymous_3)
FNDA:0,(anonymous_4)
FNDA:0,(anonymous_5)
FNDA:0,(anonymous_6)
DA:2,0
DA:3,0
DA:4,0
DA:5,0
DA:6,0
DA:8,0
DA:10,0
DA:17,0
DA:18,0
DA:22,0
DA:29,0
DA:31,0
DA:43,0
DA:55,0
DA:60,0
DA:62,0
DA:67,0
DA:74,0
DA:75,0
DA:80,0
DA:81,0
DA:84,0
DA:85,0
DA:87,0
DA:88,0
DA:90,0
DA:91,0
DA:92,0
DA:94,0
DA:95,0
DA:99,0
DA:111,0
DA:112,0
DA:113,0
DA:115,0
DA:116,0
DA:117,0
DA:118,0
DA:120,0
DA:123,0
DA:127,0
DA:129,0
DA:130,0
DA:132,0
DA:133,0
DA:137,0
DA:148,0
DA:149,0
DA:155,0
DA:156,0
DA:157,0
DA:162,0
DA:164,0
DA:171,0
DA:172,0
DA:174,0
DA:175,0
DA:177,0
DA:178,0
DA:182,0
DA:188,0
DA:189,0
DA:194,0
DA:195,0
DA:196,0
DA:198,0
DA:199,0
DA:203,0
LF:68
LH:0
BRDA:9,0,0,0
BRDA:16,1,0,0
BRDA:17,2,0,0
BRDA:17,2,1,0
BRDA:28,3,0,0
BRDA:28,4,0,0
BRDA:29,5,0,0
BRDA:29,5,1,0
BRDA:29,5,2,0
BRDA:32,6,0,0
BRDA:32,6,1,0
BRDA:44,7,0,0
BRDA:44,7,1,0
BRDA:80,8,0,0
BRDA:80,8,1,0
BRDA:115,9,0,0
BRDA:115,9,1,0
BRDA:117,10,0,0
BRDA:117,10,1,0
BRDA:155,11,0,0
BRDA:155,11,1,0
BRDA:155,12,0,0
BRDA:155,12,1,0
BRDA:157,13,0,0
BRDA:157,13,1,0
BRDA:158,14,0,0
BRDA:158,14,1,0
BRDA:158,14,2,0
BRDA:166,15,0,0
BRDA:166,15,1,0
BRF:30
BRH:0
end_of_record
TN:
SF:lib/core.js
FN:7,(anonymous_0)
FN:15,(anonymous_1)
FN:34,(anonymous_2)
FN:38,(anonymous_3)
FN:58,(anonymous_4)
FN:77,(anonymous_5)
FN:95,(anonymous_6)
FN:107,(anonymous_7)
FN:111,(anonymous_8)
FN:121,(anonymous_9)
FN:149,(anonymous_10)
FN:175,(anonymous_11)
FN:194,(anonymous_12)
FN:246,(anonymous_13)
FN:268,(anonymous_14)
FN:276,(anonymous_15)
FN:287,(anonymous_16)
FN:291,(anonymous_17)
FN:295,(anonymous_18)
FNF:19
FNH:18
FNDA:15,(anonymous_0)
FNDA:13,(anonymous_1)
FNDA:0,(anonymous_2)
FNDA:13,(anonymous_3)
FNDA:10,(anonymous_4)
FNDA:34,(anonymous_5)
FNDA:6,(anonymous_6)
FNDA:18,(anonymous_7)
FNDA:8,(anonymous_8)
FNDA:26,(anonymous_9)
FNDA:26,(anonymous_10)
FNDA:45,(anonymous_11)
FNDA:27,(anonymous_12)
FNDA:19,(anonymous_13)
FNDA:52,(anonymous_14)
FNDA:41,(anonymous_15)
FNDA:2,(anonymous_16)
FNDA:4,(anonymous_17)
FNDA:2,(anonymous_18)
DA:1,3
DA:2,3
DA:3,3
DA:4,3
DA:8,15
DA:9,15
DA:10,15
DA:16,13
DA:25,13
DA:26,10
DA:27,10
DA:28,10
DA:29,10
DA:35,0
DA:39,13
DA:49,13
DA:50,1
DA:53,12
DA:54,2
DA:59,10
DA:60,9
DA:61,0
DA:63,9
DA:64,1
DA:68,1
DA:69,0
DA:73,1
DA:74,1
DA:78,34
DA:79,34
DA:81,34
DA:83,2
DA:85,24
DA:87,8
DA:89,0
DA:91,0
DA:96,6
DA:98,6
DA:101,5
DA:103,1
DA:108,18
DA:112,8
DA:113,8
DA:118,8
DA:122,26
DA:128,26
DA:129,26
DA:133,26
DA:142,26
DA:143,26
DA:144,26
DA:146,26
DA:150,26
DA:152,26
DA:153,24
DA:161,2
DA:169,26
DA:171,0
DA:176,45
DA:180,45
DA:184,0
DA:188,0
DA:190,0
DA:195,27
DA:196,3
DA:199,24
DA:200,24
DA:201,2
DA:204,22
DA:205,22
DA:206,19
DA:209,19
DA:210,0
DA:214,19
DA:215,19
DA:220,19
DA:221,4
DA:225,15
DA:226,15
DA:227,3
DA:231,12
DA:232,0
DA:236,12
DA:240,0
DA:243,12
DA:247,19
DA:248,19
DA:249,18
DA:256,18
DA:258,1
DA:264,0
DA:269,52
DA:277,41
DA:278,41
DA:279,7
DA:281,41
DA:288,2
DA:292,4
DA:296,2
DA:297,2
DA:301,3
LF:101
LH:88
BRDA:7,0,0,3
BRDA:15,1,0,0
BRDA:30,2,0,10
BRDA:30,2,1,8
BRDA:49,3,0,1
BRDA:49,3,1,12
BRDA:53,4,0,2
BRDA:53,4,1,10
BRDA:53,5,0,12
BRDA:53,5,1,3
BRDA:59,6,0,9
BRDA:59,6,1,1
BRDA:60,7,0,0
BRDA:60,7,1,9
BRDA:64,8,0,1
BRDA:64,8,1,0
BRDA:65,9,0,1
BRDA:65,9,1,0
BRDA:68,10,0,0
BRDA:68,10,1,1
BRDA:68,11,0,1
BRDA:68,11,1,0
BRDA:81,12,0,2
BRDA:81,12,1,24
BRDA:81,12,2,8
BRDA:81,12,3,0
BRDA:81,12,4,0
BRDA:152,13,0,24
BRDA:152,13,1,2
BRDA:176,14,0,42
BRDA:176,14,1,45
BRDA:176,14,2,45
BRDA:176,14,3,0
BRDA:176,14,4,0
BRDA:176,14,5,0
BRDA:176,14,6,0
BRDA:176,14,7,0
BRDA:176,14,8,0
BRDA:176,14,9,0
BRDA:194,15,0,20
BRDA:195,16,0,3
BRDA:195,16,1,24
BRDA:200,17,0,2
BRDA:200,17,1,22
BRDA:209,18,0,0
BRDA:209,18,1,19
BRDA:220,19,0,4
BRDA:220,19,1,15
BRDA:226,20,0,3
BRDA:226,20,1,12
BRDA:226,21,0,15
BRDA:226,21,1,15
BRDA:231,22,0,0
BRDA:231,22,1,12
BRDA:231,23,0,12
BRDA:231,23,1,12
BRDA:236,24,0,0
BRDA:236,24,1,12
BRDA:237,25,0,12
BRDA:237,25,1,12
BRDA:248,26,0,18
BRDA:248,26,1,1
BRF:62
BRH:44
end_of_record
TN:
SF:lib/middleware.js
FN:3,createAuthMiddleware
FN:4,jwtMiddleware
FN:41,extractToken
FN:68,createRoleMiddleware
FN:73,roleMiddleware
FN:82,(anonymous_5)
FNF:6
FNH:6
FNDA:9,createAuthMiddleware
FNDA:9,jwtMiddleware
FNDA:9,extractToken
FNDA:4,createRoleMiddleware
FNDA:4,roleMiddleware
FNDA:4,(anonymous_5)
DA:1,2
DA:4,9
DA:5,9
DA:7,9
DA:8,2
DA:14,7
DA:15,7
DA:20,4
DA:21,4
DA:22,4
DA:24,3
DA:25,1
DA:32,2
DA:43,9
DA:44,6
DA:45,6
DA:46,6
DA:51,3
DA:52,1
DA:56,2
DA:57,0
DA:61,2
DA:62,0
DA:65,2
DA:69,4
DA:70,3
DA:73,4
DA:74,4
DA:75,1
DA:81,3
DA:82,4
DA:84,3
DA:85,1
DA:91,2
DA:95,2
LF:35
LH:33
BRDA:3,0,0,8
BRDA:7,1,0,2
BRDA:7,1,1,7
BRDA:24,2,0,1
BRDA:24,2,1,2
BRDA:35,3,0,2
BRDA:35,3,1,1
BRDA:43,4,0,6
BRDA:43,4,1,3
BRDA:45,5,0,6
BRDA:45,5,1,0
BRDA:45,6,0,6
BRDA:45,6,1,6
BRDA:51,7,0,1
BRDA:51,7,1,2
BRDA:51,8,0,3
BRDA:51,8,1,1
BRDA:51,8,2,1
BRDA:56,9,0,0
BRDA:56,9,1,2
BRDA:56,10,0,2
BRDA:56,10,1,0
BRDA:61,11,0,0
BRDA:61,11,1,2
BRDA:61,12,0,2
BRDA:61,12,1,0
BRDA:61,12,2,0
BRDA:69,13,0,3
BRDA:69,13,1,1
BRDA:74,14,0,1
BRDA:74,14,1,3
BRDA:81,15,0,3
BRDA:81,15,1,0
BRDA:84,16,0,1
BRDA:84,16,1,2
BRF:35
BRH:28
end_of_record
TN:
SF:lib/security.js
FN:4,(anonymous_0)
FN:11,(anonymous_1)
FN:22,(anonymous_2)
FN:27,(anonymous_3)
FN:58,(anonymous_4)
FN:62,(anonymous_5)
FNF:6
FNH:6
FNDA:8,(anonymous_0)
FNDA:7,(anonymous_1)
FNDA:2,(anonymous_2)
FNDA:3,(anonymous_3)
FNDA:1,(anonymous_4)
FNDA:3,(anonymous_5)
DA:1,1
DA:5,8
DA:12,7
DA:13,7
DA:17,7
DA:23,2
DA:24,2
DA:28,3
DA:30,1
DA:42,1
DA:54,1
DA:59,1
DA:63,3
DA:64,3
DA:66,3
DA:67,1
DA:70,2
DA:74,1
LF:18
LH:18
BRDA:4,0,0,0
BRDA:11,1,0,3
BRDA:12,2,0,7
BRDA:12,2,1,3
BRDA:27,3,0,0
BRDA:27,4,0,3
BRDA:28,5,0,1
BRDA:28,5,1,1
BRDA:28,5,2,1
BRDA:31,6,0,1
BRDA:31,6,1,1
BRDA:43,7,0,1
BRDA:43,7,1,1
BRDA:66,8,0,1
BRDA:66,8,1,2
BRF:15
BRH:13
end_of_record
TN:
SF:lib/storage.js
FN:2,(anonymous_0)
FN:12,(anonymous_1)
FN:28,(anonymous_2)
FN:32,(anonymous_3)
FN:36,(anonymous_4)
FN:38,(anonymous_5)
FN:43,(anonymous_6)
FN:52,(anonymous_7)
FN:56,(anonymous_8)
FN:57,(anonymous_9)
FN:65,(anonymous_10)
FN:69,(anonymous_11)
FN:70,(anonymous_12)
FN:78,(anonymous_13)
FN:82,(anonymous_14)
FN:83,(anonymous_15)
FNF:16
FNH:16
FNDA:19,(anonymous_0)
FNDA:19,(anonymous_1)
FNDA:14,(anonymous_2)
FNDA:1,(anonymous_3)
FNDA:2,(anonymous_4)
FNDA:1,(anonymous_5)
FNDA:1,(anonymous_6)
FNDA:2,(anonymous_7)
FNDA:1,(anonymous_8)
FNDA:1,(anonymous_9)
FNDA:6,(anonymous_10)
FNDA:1,(anonymous_11)
FNDA:1,(anonymous_12)
FNDA:10,(anonymous_13)
FNDA:1,(anonymous_14)
FNDA:1,(anonymous_15)
DA:3,19
DA:9,19
DA:13,19
DA:15,14
DA:16,14
DA:18,5
DA:19,0
DA:21,5
DA:22,5
DA:24,0
DA:29,14
DA:30,12
DA:31,12
DA:32,9
DA:34,12
DA:35,2
DA:36,2
DA:37,2
DA:38,1
DA:39,1
DA:40,1
DA:43,1
DA:44,1
DA:45,1
DA:53,2
DA:54,1
DA:55,1
DA:56,1
DA:57,1
DA:58,1
DA:59,1
DA:66,6
DA:67,5
DA:68,1
DA:69,1
DA:70,1
DA:71,1
DA:72,1
DA:79,10
DA:80,9
DA:81,1
DA:82,1
DA:83,1
DA:84,1
DA:85,1
DA:92,4
LF:46
LH:44
BRDA:2,0,0,0
BRDA:13,1,0,14
BRDA:13,1,1,5
BRDA:13,1,2,0
BRDA:18,2,0,0
BRDA:18,2,1,5
BRDA:29,3,0,12
BRDA:29,3,1,2
BRDA:31,4,0,9
BRDA:31,4,1,3
BRDA:35,5,0,2
BRDA:35,5,1,0
BRDA:37,6,0,1
BRDA:37,6,1,1
BRDA:39,7,0,0
BRDA:39,7,1,1
BRDA:44,8,0,0
BRDA:44,8,1,1
BRDA:53,9,0,1
BRDA:53,9,1,1
BRDA:55,10,0,1
BRDA:55,10,1,0
BRDA:58,11,0,0
BRDA:58,11,1,1
BRDA:66,12,0,5
BRDA:66,12,1,1
BRDA:68,13,0,1
BRDA:68,13,1,0
BRDA:71,14,0,0
BRDA:71,14,1,1
BRDA:79,15,0,9
BRDA:79,15,1,1
BRDA:81,16,0,1
BRDA:81,16,1,0
BRDA:84,17,0,0
BRDA:84,17,1,1
BRF:36
BRH:24
end_of_record
